\BOOKMARK [1][-]{section.1}{Introducci\363n}{}% 1
\BOOKMARK [1][-]{section.2}{Observaci\363n de participantes}{}% 2
\BOOKMARK [2][-]{subsection.2.1}{Jonathan Castro}{section.2}% 3
\BOOKMARK [2][-]{subsection.2.2}{Marta Aguilera}{section.2}% 4
\BOOKMARK [2][-]{subsection.2.3}{Andoni Mart\355n}{section.2}% 5
\BOOKMARK [1][-]{section.3}{Necesidades identificadas}{}% 6
\BOOKMARK [2][-]{subsection.3.1}{Exactitud en las descripciones de elementos}{section.3}% 7
\BOOKMARK [2][-]{subsection.3.2}{Estimaciones m\341s exactas}{section.3}% 8
\BOOKMARK [2][-]{subsection.3.3}{Localizaci\363n del usuario}{section.3}% 9
\BOOKMARK [2][-]{subsection.3.4}{Iconos representativos}{section.3}% 10
\BOOKMARK [2][-]{subsection.3.5}{Registro de entrenamientos m\341s preciso}{section.3}% 11
\BOOKMARK [2][-]{subsection.3.6}{Registro de patolog\355as}{section.3}% 12
\BOOKMARK [2][-]{subsection.3.7}{Destacar los botones de sesi\363n}{section.3}% 13
\BOOKMARK [2][-]{subsection.3.8}{Asegurar la privacidad de los datos}{section.3}% 14
\BOOKMARK [2][-]{subsection.3.9}{Registro de datos no necesarios}{section.3}% 15
\BOOKMARK [2][-]{subsection.3.10}{Uso de lenguaje espec\355fico}{section.3}% 16
\BOOKMARK [2][-]{subsection.3.11}{Feedback y ayuda al usuario}{section.3}% 17
\BOOKMARK [2][-]{subsection.3.12}{Facilitar tareas al usuario}{section.3}% 18
\BOOKMARK [2][-]{subsection.3.13}{Opciones por defecto}{section.3}% 19
\BOOKMARK [2][-]{subsection.3.14}{Comprobaci\363n de errores}{section.3}% 20
\BOOKMARK [2][-]{subsection.3.15}{Restringir opciones}{section.3}% 21
\BOOKMARK [2][-]{subsection.3.16}{B\372quedas adecuadas a diferentes tipos de usuario}{section.3}% 22
\BOOKMARK [2][-]{subsection.3.17}{Coherencia en el dise\361o de la aplicaci\363n}{section.3}% 23
\BOOKMARK [2][-]{subsection.3.18}{Especificaci\363n de unidades}{section.3}% 24
\BOOKMARK [2][-]{subsection.3.19}{Confirmaci\363n para el almacenamiento de datos}{section.3}% 25
\BOOKMARK [2][-]{subsection.3.20}{Segmentaci\363n de usuarios}{section.3}% 26
\BOOKMARK [2][-]{subsection.3.21}{Personalizaci\363n a nivel de usuario}{section.3}% 27
